c:\pgame\build\obj\release\vc143.pdb
c:\pgame\build\obj\release\win32_main.obj
c:\pgame\build\obj\release\d3d11_renderer.obj
c:\pgame\build\obj\release\transform.obj
c:\pgame\build\obj\release\time.obj
c:\pgame\build\obj\release\texture2d.obj
c:\pgame\build\obj\release\scene.obj
c:\pgame\build\obj\release\rigidbody.obj
c:\pgame\build\obj\release\modelloader.obj
c:\pgame\build\obj\release\inputmanager.obj
c:\pgame\build\obj\release\drawplayer.obj
c:\pgame\build\obj\release\camera.obj
c:\pgame\build\obj\release\imgui_widgets.obj
c:\pgame\build\obj\release\imgui_tables.obj
c:\pgame\build\obj\release\imgui_impl_win32.obj
c:\pgame\build\obj\release\imgui_impl_dx11.obj
c:\pgame\build\obj\release\imgui_draw.obj
c:\pgame\build\obj\release\imgui.obj
c:\pgame\build\bin\release\puzzlegame.exe
c:\pgame\build\bin\release\puzzlegame.pdb
c:\puzzlegame\build\obj\release\camera.obj
c:\puzzlegame\build\obj\release\d3d11_renderer.obj
c:\puzzlegame\build\obj\release\drawplayer.obj
c:\puzzlegame\build\obj\release\imgui.obj
c:\puzzlegame\build\obj\release\imgui_draw.obj
c:\puzzlegame\build\obj\release\imgui_impl_dx11.obj
c:\puzzlegame\build\obj\release\imgui_impl_win32.obj
c:\puzzlegame\build\obj\release\imgui_tables.obj
c:\puzzlegame\build\obj\release\imgui_widgets.obj
c:\puzzlegame\build\obj\release\inputmanager.obj
c:\puzzlegame\build\obj\release\modelloader.obj
c:\puzzlegame\build\obj\release\rigidbody.obj
c:\puzzlegame\build\obj\release\scene.obj
c:\puzzlegame\build\obj\release\texture2d.obj
c:\puzzlegame\build\obj\release\time.obj
c:\puzzlegame\build\obj\release\transform.obj
c:\puzzlegame\build\obj\release\win32_main.obj
c:\puzzlegame\build\obj\release\vc143.pdb
c:\puzzlegame\build\bin\release\puzzlegame.exe
c:\puzzlegame\build\obj\release\puzzlegame.tlog\cl.command.1.tlog
c:\puzzlegame\build\obj\release\puzzlegame.tlog\cl.read.1.tlog
c:\puzzlegame\build\obj\release\puzzlegame.tlog\cl.write.1.tlog
c:\puzzlegame\build\obj\release\puzzlegame.tlog\link.command.1.tlog
c:\puzzlegame\build\obj\release\puzzlegame.tlog\link.read.1.tlog
c:\puzzlegame\build\obj\release\puzzlegame.tlog\link.write.1.tlog
