c:\puzzlegame\build\obj\debug\vc143.pdb
c:\puzzlegame\build\obj\debug\vc143.idb
c:\puzzlegame\build\obj\debug\win32_main.obj
c:\puzzlegame\build\obj\debug\d3d11_renderer.obj
c:\puzzlegame\build\obj\debug\transform.obj
c:\puzzlegame\build\obj\debug\time.obj
c:\puzzlegame\build\obj\debug\texture2d.obj
c:\puzzlegame\build\obj\debug\scene.obj
c:\puzzlegame\build\obj\debug\rigidbody.obj
c:\puzzlegame\build\obj\debug\modelloader.obj
c:\puzzlegame\build\obj\debug\inputmanager.obj
c:\puzzlegame\build\obj\debug\drawplayer.obj
c:\puzzlegame\build\obj\debug\camera.obj
c:\puzzlegame\build\obj\debug\imgui_widgets.obj
c:\puzzlegame\build\obj\debug\imgui_tables.obj
c:\puzzlegame\build\obj\debug\imgui_impl_win32.obj
c:\puzzlegame\build\obj\debug\imgui_impl_dx11.obj
c:\puzzlegame\build\obj\debug\imgui_draw.obj
c:\puzzlegame\build\obj\debug\imgui.obj
c:\puzzlegame\build\bin\debug\puzzlegame.exe
c:\puzzlegame\build\obj\debug\puzzlegame.ilk
c:\puzzlegame\build\bin\debug\puzzlegame.pdb
c:\puzzlegame\build\obj\debug\puzzlegame.tlog\cl.command.1.tlog
c:\puzzlegame\build\obj\debug\puzzlegame.tlog\cl.read.1.tlog
c:\puzzlegame\build\obj\debug\puzzlegame.tlog\cl.write.1.tlog
c:\puzzlegame\build\obj\debug\puzzlegame.tlog\link.command.1.tlog
c:\puzzlegame\build\obj\debug\puzzlegame.tlog\link.read.1.tlog
c:\puzzlegame\build\obj\debug\puzzlegame.tlog\link.write.1.tlog
